Cadence Genus(TM) Synthesis Solution.
Copyright 2022 Cadence Design Systems, Inc. All rights reserved worldwide.
Cadence and the Cadence logo are registered trademarks and Genus is a trademark
of Cadence Design Systems, Inc. in the United States and other countries.

[17:33:15.121249] Configured Lic search path (21.01-s002): 5280@cadence-encsrv

Version: 21.14-s082_1, built Thu Jun 23 02:02:08 PDT 2022
Options: 
Date:    Fri Mar 27 17:33:15 2026
Host:    encmitcad18 (x86_64 w/Linux 4.18.0-425.3.1.el8.x86_64) (20cores*28cpus*1physical cpu*Intel(R) Core(TM) i7-14700 33792KB) (15902316KB)
PID:     85388
OS:      Red Hat Enterprise Linux release 8.7 (Ootpa)


[17:33:15.446898] Periodic Lic check successful
[17:33:15.446905] Feature usage summary:
[17:33:15.446905] Genus_Synthesis
Checking out license: Genus_Synthesis


***********************************************************************************************************
***********************************************************************************************************



Loading tool scripts...
Finished loading tool scripts (4 seconds elapsed).

WARNING: This version of the tool is 1373 days old.
@genus:root: 1> source mini1.tcl
Sourcing './mini1.tcl' (Fri Mar 27 17:33:31 IST 2026)...
#@ Begin verbose source ./mini1.tcl
@file(mini1.tcl) 1: read_libs /home/install/FOUNDRY/digital/90nm/dig/lib/slow.lib

Threads Configured:3

  Message Summary for Library slow.lib:
  *************************************
  Missing a function attribute in the output pin definition. [LBR-518]: 1
  Missing library level attribute. [LBR-516]: 1
  *************************************
 
Info    : Created nominal operating condition. [LBR-412]
        : Operating condition '_nominal_' was created for the PVT values (1.000000, 0.900000, 125.000000) in library 'slow.lib'.
        : The nominal operating condition is represented, either by the nominal PVT values specified in the library source (via nom_process,nom_voltage and nom_temperature respectively), or by the default PVT values (1.0,1.0,1.0).
@file(mini1.tcl) 2: read_hdl watermarking.v
@file(mini1.tcl) 3: elaborate
  Library has 324 usable logic and 128 usable sequential lib-cells.
Info    : Elaborating Design. [ELAB-1]
        : Elaborating top-level block 'watermarking_system' from file 'watermarking.v'.
Info    : Done Elaborating Design. [ELAB-3]
        : Done elaborating 'watermarking_system'.
Checking for analog nets...
Check completed for analog nets.
Checking for source RTL...
Check completed for source RTL.
Running Unified Mux Engine Tricks...
Completed Unified Mux Engine Tricks

Stage: post_elab
--------------------------------------------------------
| Trick             | Accepts | Rejects | Runtime (ms) | 
--------------------------------------------------------
| ume_constant_bmux |       0 |       0 |         0.00 | 
--------------------------------------------------------
Starting clip mux common data inputs [v1.0] (stage: post_elab, startdef: watermarking_system, recur: true)
Completed clip mux common data inputs (accepts: 0, rejects: 0, runtime: 0.001s)
Starting clip the non-user hierarchies [v2.0] (stage: post_elab, startdef: watermarking_system, recur: true)
Completed clip the non-user hierarchies (accepts: 0, rejects: 0, runtime: 0.000s)

Stage: post_elab
---------------------------------------------------------
| Transform          | Accepts | Rejects | Runtime (ms) | 
---------------------------------------------------------
| hlo_clip_mux_input |       0 |       0 |         1.00 | 
| hlo_clip           |       0 |       0 |         0.00 | 
---------------------------------------------------------
UM:   flow.cputime  flow.realtime  timing.setup.tns  timing.setup.wns  snapshot
UM:*                                                                   elaborate
@file(mini1.tcl) 4: read_sdc mini.sdc
Warning : Unsupported SDC command. [SDC-200] [set_max_area]
        : The 'set_max_area' command on line '21' of the SDC file 'mini.sdc' is not supported.
        : The current version of Genus does not support this SDC command and ignores it. However, future versions may be enhanced to support this command. This SDC command will be added to the Tcl variable $::dc::sdc_unsupported_commands_write_sdc. The contents of this variable will be written out during write_sdc.
Statistics for commands executed by read_sdc:
 "create_clock"             - successful      1 , failed      0 (runtime  0.00)
 "get_clocks"               - successful      1 , failed      0 (runtime  0.00)
 "get_ports"                - successful      4 , failed      0 (runtime  0.00)
 "set_clock_uncertainty"    - successful      1 , failed      0 (runtime  0.00)
 "set_input_delay"          - successful      1 , failed      0 (runtime  0.00)
 "set_load"                 - successful      1 , failed      0 (runtime  0.00)
 "set_max_area"             - successful      1 , failed      0 (runtime  0.00)
 "set_output_delay"         - successful      1 , failed      0 (runtime  0.00)
read_sdc completed in 00:00:00 (hh:mm:ss)
@file(mini1.tcl) 5: set_db syn_generic_effort medium
  Setting attribute of root '/': 'syn_generic_effort' = medium
@file(mini1.tcl) 6: set_db syn_map_effort medium
  Setting attribute of root '/': 'syn_map_effort' = medium
@file(mini1.tcl) 7: set_db syn_opt_effort medium
  Setting attribute of root '/': 'syn_opt_effort' = medium
@file(mini1.tcl) 8: syn_generic

Stage: pre_early_cg
------------------------------------------------
| Transform | Accepts | Rejects | Runtime (ms) | 
------------------------------------------------
------------------------------------------------
##Generic Timing Info for library domain: _default_ typical gate delay: 127.0 ps std_slew: 15.5 ps std_load: 7.0 fF
Starting mux data reorder optimization [v1.0] (stage: pre_to_gen_setup, startdef: watermarking_system, recur: true)
Completed mux data reorder optimization (accepts: 0, rejects: 0, runtime: 0.000s)

Stage: pre_to_gen_setup
------------------------------------------------------
| Transform       | Accepts | Rejects | Runtime (ms) | 
------------------------------------------------------
| hlo_mux_reorder |       0 |       0 |         0.00 | 
------------------------------------------------------
Info    : Synthesizing. [SYNTH-1]
        : Synthesizing 'watermarking_system' to generic gates using 'medium' effort.
PBS_Generic-Start - Elapsed_Time 0, CPU_Time 0.0
stamp 'PBS_Generic-Start' being created for table 'pbs_debug'

  Total Time (Wall) |  Stage Time (Wall)  |   % (Wall)   |    Date - Time     |  Memory   | Stage
--------------------+---------------------+--------------+--------------------+-----------+----------------------
 00:00:04(00:00:14) |  00:00:00(00:00:00) |   0.0(  0.0) |   17:33:31 (Mar27) |  478.9 MB | PBS_Generic-Start
--------------------+---------------------+--------------+--------------------+-----------+----------------------
Number of threads: 8 * 1   (id: pbs_debug, time_info v1.57)
Info: (*N*) indicates data that was populated from previously saved time_info database
Info: CPU time includes time of parent + longest thread
TNS Restructuring config: no_value at stage: generic applied.
Info    : Partition Based Synthesis execution skipped. [PHYS-752]
        : Design size is less than the partition size '100000' for distributed generic optimization to kick in.
Starting mux data reorder optimization [v1.0] (stage: pre_to_gen_setup, startdef: watermarking_system, recur: true)
Completed mux data reorder optimization (accepts: 0, rejects: 0, runtime: 0.001s)

Stage: pre_to_gen_setup
------------------------------------------------------
| Transform       | Accepts | Rejects | Runtime (ms) | 
------------------------------------------------------
| hlo_mux_reorder |       0 |       0 |         1.00 | 
------------------------------------------------------
Starting mux data reorder optimization [v1.0] (stage: post_to_gen_setup, startdef: watermarking_system, recur: true)
Completed mux data reorder optimization (accepts: 0, rejects: 0, runtime: 0.000s)

Stage: post_to_gen_setup
------------------------------------------------------
| Transform       | Accepts | Rejects | Runtime (ms) | 
------------------------------------------------------
| hlo_mux_reorder |       0 |       0 |         0.00 | 
------------------------------------------------------
Running Unified Mux Engine Tricks...
Completed Unified Mux Engine Tricks

Stage: pre_hlo_rtlopt
--------------------------------------------
| Trick | Accepts | Rejects | Runtime (ms) | 
--------------------------------------------
--------------------------------------------
Starting infer macro optimization [v1.0] (stage: pre_rtlopt, startdef: watermarking_system, recur: true)
Completed infer macro optimization (accepts: 0, rejects: 8, runtime: 0.000s)
Starting decode mux sandwich optimization [v2.0] (stage: pre_rtlopt, startdef: watermarking_system, recur: true)
Completed decode mux sandwich optimization (accepts: 0, rejects: 0, runtime: 0.000s)
Starting decode mux optimization [v1.0] (stage: pre_rtlopt, startdef: watermarking_system, recur: true)
Completed decode mux optimization (accepts: 0, rejects: 0, runtime: 0.000s)
Starting chop wide muxes [v1.0] (stage: pre_rtlopt, startdef: watermarking_system, recur: true)
Completed chop wide muxes (accepts: 0, rejects: 0, runtime: 0.000s)
Starting common data mux cascade opt [v1.0] (stage: pre_rtlopt, startdef: watermarking_system, recur: true)
Completed common data mux cascade opt (accepts: 0, rejects: 0, runtime: 0.000s)
Starting mux input consolidation [v1.0] (stage: pre_rtlopt, startdef: watermarking_system, recur: true)
Completed mux input consolidation (accepts: 0, rejects: 0, runtime: 0.000s)
Starting constant-data mux optimization [v1.0] (stage: pre_rtlopt, startdef: watermarking_system, recur: true)
Completed constant-data mux optimization (accepts: 0, rejects: 0, runtime: 0.000s)
Starting chain-to-tree inequality transform [v2.0] (stage: pre_rtlopt, startdef: watermarking_system, recur: true)
Completed chain-to-tree inequality transform (accepts: 0, rejects: 0, runtime: 0.000s)
Starting reconvergence optimization [v1.0] (stage: pre_rtlopt, startdef: watermarking_system, recur: true)
Completed reconvergence optimization (accepts: 0, rejects: 0, runtime: 0.000s)
Starting logic restructure optimization [v1.0] (stage: pre_rtlopt, startdef: watermarking_system, recur: true)
Completed logic restructure optimization (accepts: 0, rejects: 0, runtime: 0.000s)
Starting common select mux optimization [v1.0] (stage: pre_rtlopt, startdef: watermarking_system, recur: true)
Completed common select mux optimization (accepts: 0, rejects: 0, runtime: 0.000s)
Starting identity transform [v3.0] (stage: pre_rtlopt, startdef: watermarking_system, recur: true)
Completed identity transform (accepts: 0, rejects: 0, runtime: 0.000s)
Starting reduce operator chain [v1.0] (stage: pre_rtlopt, startdef: watermarking_system, recur: true)
Completed reduce operator chain (accepts: 0, rejects: 0, runtime: 0.000s)
Starting common data mux cascade opt [v1.0] (stage: pre_rtlopt, startdef: watermarking_system, recur: true)
Completed common data mux cascade opt (accepts: 0, rejects: 0, runtime: 0.000s)
Starting mux input consolidation [v1.0] (stage: pre_rtlopt, startdef: watermarking_system, recur: true)
Completed mux input consolidation (accepts: 0, rejects: 0, runtime: 0.000s)
Starting optimize datapath elements [v1.0] (stage: pre_rtlopt, startdef: watermarking_system, recur: true)
Completed optimize datapath elements (accepts: 0, rejects: 0, runtime: 0.000s)
Starting datapath recasting [v1.0] (stage: pre_rtlopt, startdef: watermarking_system, recur: true)
Completed datapath recasting (accepts: 0, rejects: 0, runtime: 0.000s)
Starting clip mux common data inputs [v1.0] (stage: pre_rtlopt, startdef: watermarking_system, recur: true)
Completed clip mux common data inputs (accepts: 0, rejects: 0, runtime: 0.000s)
Starting clip the non-user hierarchies [v2.0] (stage: pre_rtlopt, startdef: watermarking_system, recur: true)
Completed clip the non-user hierarchies (accepts: 0, rejects: 0, runtime: 0.000s)

Stage: pre_rtlopt
----------------------------------------------------------------
| Transform                 | Accepts | Rejects | Runtime (ms) | 
----------------------------------------------------------------
| hlo_infer_macro           |       0 |       8 |         0.00 | 
| hlo_decode_mux_sandwich   |       0 |       0 |         0.00 | 
| hlo_mux_decode            |       0 |       0 |         0.00 | 
| hlo_chop_mux              |       0 |       0 |         0.00 | 
| hlo_mux_cascade_opt       |       0 |       0 |         0.00 | 
| hlo_mux_consolidation     |       0 |       0 |         0.00 | 
| hlo_constant_mux_opt      |       0 |       0 |         0.00 | 
| hlo_inequality_transform  |       0 |       0 |         0.00 | 
| hlo_reconv_opt            |       0 |       0 |         0.00 | 
| hlo_restructure           |       0 |       0 |         0.00 | 
| hlo_common_select_muxopto |       0 |       0 |         0.00 | 
| hlo_identity_transform    |       0 |       0 |         0.00 | 
| hlo_reduce_operator_chain |       0 |       0 |         0.00 | 
| hlo_mux_cascade_opt       |       0 |       0 |         0.00 | 
| hlo_mux_consolidation     |       0 |       0 |         0.00 | 
| hlo_optimize_datapath     |       0 |       0 |         0.00 | 
| hlo_datapath_recast       |       0 |       0 |         0.00 | 
| hlo_clip_mux_input        |       0 |       0 |         0.00 | 
| hlo_clip                  |       0 |       0 |         0.00 | 
----------------------------------------------------------------
Running Unified Mux Engine Tricks...
Completed Unified Mux Engine Tricks

Stage: post_hlo_rtlopt
--------------------------------------------------
| Trick       | Accepts | Rejects | Runtime (ms) | 
--------------------------------------------------
| ume_runtime |       0 |       0 |         0.00 | 
--------------------------------------------------
Number of big hc bmuxes before = 0
Info    : Pre-processed datapath logic. [DPOPT-6]
        : No pre-processing optimizations applied to datapath logic in 'watermarking_system'.
Info    : Optimizing datapath logic. [DPOPT-1]
        : Optimizing datapath logic in 'watermarking_system'.
Info    : Implementing datapath configurations. [DPOPT-3]
        : Implementing datapath configurations for 'CDN_DP_region_0_0'
CSAGen Prep Share:0 Re-Write:0 Speculation: 0
MaxCSA: Successfully built Maximal CSA Expression Expr0
CDN_DP_region_0_0 level = 0 loads = 0 drivers = 0
CDN_DP_region_0_0_c0 in watermarking_system: area: 2689289475 ,dp = 5 mux = 6 sg = slow         worst_clk_period: -1.0000 
    wns: 0  norm_wns:  -1.0000 
    fail_endp: -1 
    tns:  0  tns_per_endp:  -1.0000   norm_tns_per_endp:  -1.0000 
    tns_sense_max:  -1.0000  tns_sense_avg:  -1.0000   tns_sense_num: -1
 skipped
CDN_DP_region_0_0_c1 in watermarking_system: area: 3215703585 ,dp = 4 mux = 6 sg = fast         worst_clk_period: -1.0000 
    wns: 0  norm_wns:  -1.0000 
    fail_endp: -1 
    tns:  0  tns_per_endp:  -1.0000   norm_tns_per_endp:  -1.0000 
    tns_sense_max:  -1.0000  tns_sense_avg:  -1.0000   tns_sense_num: -1
 is current best
CDN_DP_region_0_0_c2 in watermarking_system: area: 2616812170 ,dp = 4 mux = 6 sg = very_slow    worst_clk_period: -1.0000 
    wns: 0  norm_wns:  -1.0000 
    fail_endp: -1 
    tns:  0  tns_per_endp:  -1.0000   norm_tns_per_endp:  -1.0000 
    tns_sense_max:  -1.0000  tns_sense_avg:  -1.0000   tns_sense_num: -1
 is current best
CDN_DP_region_0_0_c3 in watermarking_system: area: 3215703585 ,dp = 4 mux = 6 sg = very_fast    worst_clk_period: -1.0000 
    wns: 0  norm_wns:  -1.0000 
    fail_endp: -1 
    tns:  0  tns_per_endp:  -1.0000   norm_tns_per_endp:  -1.0000 
    tns_sense_max:  -1.0000  tns_sense_avg:  -1.0000   tns_sense_num: -1

CDN_DP_region_0_0_c4 in watermarking_system: area: 2616812170 ,dp = 4 mux = 6 sg = very_fast    worst_clk_period: -1.0000 
    wns: 0  norm_wns:  -1.0000 
    fail_endp: -1 
    tns:  0  tns_per_endp:  -1.0000   norm_tns_per_endp:  -1.0000 
    tns_sense_max:  -1.0000  tns_sense_avg:  -1.0000   tns_sense_num: -1
 is current best
CDN_DP_region_0_0_c5 in watermarking_system: area: 2616812170 ,dp = 4 mux = 6 sg = very_fast    worst_clk_period: -1.0000 
    wns: 0  norm_wns:  -1.0000 
    fail_endp: -1 
    tns:  0  tns_per_endp:  -1.0000   norm_tns_per_endp:  -1.0000 
    tns_sense_max:  -1.0000  tns_sense_avg:  -1.0000   tns_sense_num: -1
 is current best
CDN_DP_region_0_0_c6 in watermarking_system: area: 3215703585 ,dp = 4 mux = 6 sg = very_fast    worst_clk_period: -1.0000 
    wns: 0  norm_wns:  -1.0000 
    fail_endp: -1 
    tns:  0  tns_per_endp:  -1.0000   norm_tns_per_endp:  -1.0000 
    tns_sense_max:  -1.0000  tns_sense_avg:  -1.0000   tns_sense_num: -1

CDN_DP_region_0_0_c7 in watermarking_system: area: 663739530 ,dp = 2 mux = 6 sg = very_fast    worst_clk_period: -1.0000 
    wns: 0  norm_wns:  -1.0000 
    fail_endp: -1 
    tns:  0  tns_per_endp:  -1.0000   norm_tns_per_endp:  -1.0000 
    tns_sense_max:  -1.0000  tns_sense_avg:  -1.0000   tns_sense_num: -1
 is current best
Best config: CDN_DP_region_0_0_c7 in watermarking_system: area: 663739530 ,dp = 2 mux = 6 sg = very_fast    worst_clk_period: -1.0000 
    wns: 0  norm_wns:  -1.0000 
    fail_endp: -1 
    tns:  0  tns_per_endp:  -1.0000   norm_tns_per_endp:  -1.0000 
    tns_sense_max:  -1.0000  tns_sense_avg:  -1.0000   tns_sense_num: -1
  Smallest config area : 663739530.  Fastest config wns;  0
##>+----------------------------------------------------------------------------------------------------------------------------------------------------------------+
##>Summary table of configs (Best config is CDN_DP_region_0_0_c7)
##>+----------------------------------------------------------------------------------------------------------------------------------------------------------------+
##>                     0                  1                  2                  3                  4                  5                  6                  7            
##>+----------------------------------------------------------------------------------------------------------------------------------------------------------------+
##>           Area       2689289475         3215703585         2616812170         3215703585         2616812170         2616812170         3215703585          663739530  
##>            WNS         +5748.60           +6139.30           +6072.30           +6139.30           +6072.30           +6072.30           +6139.30           +6954.50  
##>            TNS                0                  0                  0                  0                  0                  0                  0                  0  
##>    Num Rewrite                0                  0                  1                  0                  1                  1                  0                  0  
##>     Num Factor                0                  0                  0                  0                  0                  0                  0                  0  
##>      Num Share                0                  0                  0                  0                  0                  0                  0                  0  
##>   Num CmultCse                0                  0                  0                  0                  0                  0                  0                  0  
##>   Num Downsize                0                  0                  0                  0                  0                  0                  0                  0  
##>  Num Speculate                0                  0                  0                  0                  0                  0                  0                  0  
##>     Runtime(s)                0                  0                  0                  0                  0                  0                  0                  0  
+----------------------------------------------------------------------------------------------------------------------------------------------------------------+
##>
##>
##>+------------------------------------------------------------------------------------------------------------------------------------------------------------+
##>Optimization Step DEBUG Table for config CDN_DP_region_0_0_c7
##>
##>                          Step                        Area   ( % Chg)        WNS (Change)        TNS (Change)          Runtime (s)        Comment                   
##>+------------------------------------------------------------------------------------------------------------------------------------------------------------+
##>EquationExtraction              START             2689289475 (      )     5748.60 (        )             0 (        )              
##> rewrite                        START             2918165175 ( +8.51)     6974.00 (+1225.40)             0 (       0)              (a,ar) Expr0_from --> Expr0_to
##>                                  END             7205769955 (+146.93)     5678.80 (-1295.20)             0 (       0)           0  
##>                                  END             4844535650 (+80.14)     5656.00 (  -92.60)             0 (       0)           0  
##>createMaxCarrySave              START             4844535650 ( +0.00)     5656.00 (   +0.00)             0 (       0)              
##> datapath_rewrite_one_def       START             4844535650 ( +0.00)     5656.00 (   +0.00)             0 (       0)              
##>                                  END             4844535650 ( +0.00)     5656.00 (   +0.00)             0 (       0)           0  
##> csa_opto                       START             4844535650 ( +0.00)     5656.00 (   +0.00)             0 (       0)              
##>                                  END             1502950430 (-68.98)     6703.70 (+1047.70)             0 (       0)           0  
##>                                  END             1502950430 (-68.98)     6703.70 (+1047.70)             0 (       0)           0  
##>canonicalize_by_names           START             1502950430 ( +0.00)     6703.70 (   +0.00)             0 (       0)              
##>                                  END             1502950430 ( +0.00)     6703.70 (   +0.00)             0 (       0)           0  
##>datapath_rewrite_post_csa_one_  START             1502950430 ( +0.00)     6703.70 (   +0.00)             0 (       0)              
##>                                  END             1502950430 ( +0.00)     6703.70 (   +0.00)             0 (       0)           0  
##>datapath_csa_factoring_one_gde  START             1502950430 ( +0.00)     6703.70 (   +0.00)             0 (       0)              
##>                                  END             1502950430 ( +0.00)     6703.70 (   +0.00)             0 (       0)           0  
##>dpopt_share_one_def             START             1502950430 ( +0.00)     6703.70 (   +0.00)             0 (       0)              
##>                                  END             1502950430 ( +0.00)     6703.70 (   +0.00)             0 (       0)           0  
##>datapath_rewrite_post_share     START             1502950430 ( +0.00)     6703.70 (   +0.00)             0 (       0)              
##>                                  END             1502950430 ( +0.00)     6703.70 (   +0.00)             0 (       0)           0  
##>dp_combine_const_mult_with_com  START             1502950430 ( +0.00)     6703.70 (   +0.00)             0 (       0)              
##>                                  END             1502950430 ( +0.00)     6703.70 (   +0.00)             0 (       0)           0  
##>dp_operator_level_decompositio  START             1502950430 ( +0.00)     6703.70 (   +0.00)             0 (       0)              
##>                                  END             1502950430 ( +0.00)     6703.70 (   +0.00)             0 (       0)           0  
##>selective_flatten_dp_config     START             1502950430 ( +0.00)     6703.70 (   +0.00)             0 (       0)              
##>                                  END             1502950430 ( +0.00)     6703.70 (   +0.00)             0 (       0)           0  
##>createMaxCarrySave              START             1502950430 ( +0.00)     6703.70 (   +0.00)             0 (       0)              
##> datapath_rewrite_one_def       START             1502950430 ( +0.00)     6703.70 (   +0.00)             0 (       0)              
##>  fast_cse_elim                 START             1502950430 ( +0.00)     6703.70 (   +0.00)             0 (       0)              
##>                                  END             1502950430 ( +0.00)     6703.70 (   +0.00)             0 (       0)           0  
##>  fast_cse_elim                 START             1502950430 ( +0.00)     6703.70 (   +0.00)             0 (       0)              
##>                                  END             1502950430 ( +0.00)     6703.70 (   +0.00)             0 (       0)           0  
##>                                  END             1502950430 ( +0.00)     6703.70 (   +0.00)             0 (       0)           0  
##> csa_opto                       START             1502950430 ( +0.00)     6703.70 (   +0.00)             0 (       0)              
##>                                  END             1502950430 ( +0.00)     6703.70 (   +0.00)             0 (       0)           0  
##>                                  END             1502950430 ( +0.00)     6703.70 (   +0.00)             0 (       0)           0  
##>context_based_simplify          START              663739530 (-55.84)     6927.60 ( +223.90)             0 (       0)              
##>                                  END              663739530 ( +0.00)     6927.60 (   +0.00)             0 (       0)           0  
##>group_csa_final_adder_dp        START              663739530 ( +0.00)     6927.60 (   +0.00)             0 (       0)              
##>                                  END              663739530 ( +0.00)     6954.50 (  +26.90)             0 (       0)           0  
##>dpopt_flatten_critical_muxes_i  START              663739530 ( +0.00)     6954.50 (   +0.00)             0 (       0)              
##>                                  END              663739530 ( +0.00)     6954.50 (   +0.00)             0 (       0)           0  
##>create_score                    START              663739530 ( +0.00)     6954.50 (   +0.00)             0 (       0)              
##>                                  END              663739530 ( +0.00)     6954.50 (   +0.00)             0 (       0)           0  
##>+------------------------------------------------------------------------------------------------------------------------------------------------------------+
Committed config: CDN_DP_region_0_0_c7
Info    : Done implementing datapath configurations. [DPOPT-4]
        : Selected 'very_fast' configuration 7 for module 'CDN_DP_region_0_0'.
          Optimizations applied to 'very_fast' configuration:
            rewriting(0), factoring(0), sharing(0), cmultcse(0), downsizing(0), speculation(0)
Info    : Done optimizing datapath logic. [DPOPT-2]
        : Done optimizing datapath logic in 'watermarking_system'.
Number of big hc bmuxes after = 0
Starting logic reduction [v1.0] (stage: post_rtlopt, startdef: watermarking_system, recur: true)
Completed logic reduction (accepts: 0, rejects: 0, runtime: 0.000s)
Starting mux data reorder optimization [v1.0] (stage: post_rtlopt, startdef: watermarking_system, recur: true)
Completed mux data reorder optimization (accepts: 0, rejects: 0, runtime: 0.000s)

Stage: post_rtlopt
----------------------------------------------------------
| Transform           | Accepts | Rejects | Runtime (ms) | 
----------------------------------------------------------
| hlo_logic_reduction |       0 |       0 |         0.00 | 
| hlo_mux_reorder     |       0 |       0 |         0.00 | 
----------------------------------------------------------
Starting mux speculation [v1.0] (stage: post_muxopt, startdef: watermarking_system, recur: true)
Starting speculation optimization
Completed speculation optimization (accepts:0)
Completed mux speculation (accepts: 0, rejects: 0, runtime: 0.003s)

Stage: post_muxopt
------------------------------------------------------
| Transform       | Accepts | Rejects | Runtime (ms) | 
------------------------------------------------------
| hlo_speculation |       0 |       0 |         3.00 | 
------------------------------------------------------
==================================
Stage : to_generic 
==================================
  =================
   Message Summary
  =================
--------------------------------------------------------------------------------
|    Id     |  Sev   |Count |                  Message Text                    |
--------------------------------------------------------------------------------
| CDFG-372  |Info    |   16 |Bitwidth mismatch in assignment.                  |
|           |        |      |Review and make sure the mismatch is              |
|           |        |      | unintentional. Genus can possibly issue bitwidth |
|           |        |      | mismatch warning for explicit assignments        |
|           |        |      | present in RTL as-well-as for implicit           |
|           |        |      | assignments inferred by the tool. For example,   |
|           |        |      | in case of enum declaration without value, the   |
|           |        |      | tool will implicitly assign value to the enum    |
|           |        |      | variables. It also issues the warning for any    |
|           |        |      | bitwidth mismatch that appears in this implicit  |
|           |        |      | assignment.                                      |
| CWD-19    |Info    |   56 |An implementation was inferred.                   |
| DPOPT-1   |Info    |    1 |Optimizing datapath logic.                        |
| DPOPT-2   |Info    |    1 |Done optimizing datapath logic.                   |
| DPOPT-3   |Info    |    1 |Implementing datapath configurations.             |
| DPOPT-4   |Info    |    1 |Done implementing datapath configurations.        |
| DPOPT-6   |Info    |    1 |Pre-processed datapath logic.                     |
| ELAB-1    |Info    |    1 |Elaborating Design.                               |
| ELAB-3    |Info    |    1 |Done Elaborating Design.                          |
| LBR-41    |Info    |    1 |An output library pin lacks a function attribute. |
|           |        |      |If the remainder of this library cell's semantic  |
|           |        |      | checks are successful, it will be considered as  |
|           |        |      | a timing-model                                   |
|           |        |      | (because one of its outputs does not have a vali |
|           |        |      | d function.                                      |
| LBR-155   |Info    |  372 |Mismatch in unateness between 'timing_sense'      |
|           |        |      | attribute and the function.                      |
|           |        |      |The 'timing_sense' attribute will be respected.   |
| LBR-161   |Info    |    1 |Setting the maximum print count of this message   |
|           |        |      | to 10 if information_level is less than 9.       |
| LBR-162   |Info    |  124 |Both 'pos_unate' and 'neg_unate' timing_sense     |
|           |        |      | arcs have been processed.                        |
|           |        |      |Setting the 'timing_sense' to non_unate.          |
| LBR-170   |Info    |   32 |Ignoring specified timing sense.                  |
|           |        |      |Timing sense should never be set with             |
|           |        |      | 'rising_edge' or 'falling_edge' timing type.     |
| LBR-412   |Info    |    1 |Created nominal operating condition.              |
|           |        |      |The nominal operating condition is represented,   |
|           |        |      | either by the nominal PVT values specified in    |
|           |        |      | the library source                               |
|           |        |      | (via nom_process,nom_voltage and nom_temperature |
|           |        |      | respectively)                                    |
|           |        |      | , or by the default PVT values (1.0,1.0,1.0).    |
| LBR-516   |Info    |    1 |Missing library level attribute.                  |
| LBR-518   |Info    |    1 |Missing a function attribute in the output pin    |
|           |        |      | definition.                                      |
| PHYS-752  |Info    |    1 |Partition Based Synthesis execution skipped.      |
| RTLOPT-40 |Info    |    3 |Transformed datapath macro.                       |
| SDC-200   |Warning |    1 |Unsupported SDC command.                          |
|           |        |      |The current version of Genus does not support     |
|           |        |      | this SDC command and ignores it. However, future |
|           |        |      | versions may be enhanced to support this         |
|           |        |      | command. This SDC command will be added to the   |
|           |        |      | Tcl variable                                     |
|           |        |      | $::dc::sdc_unsupported_commands_write_sdc. The   |
|           |        |      | contents of this variable will be written out    |
|           |        |      | during write_sdc.                                |
| SYNTH-1   |Info    |    1 |Synthesizing.                                     |
| TIM-1000  |Info    |    1 |Multimode clock gating check is disabled.         |
--------------------------------------------------------------------------------
Mapper: Libraries have:
	domain _default_: 324 combo usable cells and 128 sequential usable cells
Multi-threaded constant propagation [1|0] ...
Multi-threaded Virtual Mapping    (8 threads, 8 of 28 CPUs usable)
==================================
Stage : first_condense 
==================================
  =================
   Message Summary
  =================
---------------------------------------------------------------
|  Id  |Sev  |Count |              Message Text               |
---------------------------------------------------------------
| GB-6 |Info |    2 |A datapath component has been ungrouped. |
---------------------------------------------------------------
 
Global mapping target info
==========================
Cost Group 'sys_clk' target slack:   233 ps
Target path end-point (Port: watermarking_system/valid_out)


State Retention Synthesis Status
================================

Category                        Flops   Percentage
--------------------------------------------------
Total instances                    26        100.0
Excluded from State Retention      26        100.0
    - Will not convert             26        100.0
      - Preserved                   0          0.0
      - Power intent excluded      26        100.0
    - Could not convert             0          0.0
      - Scan type                   0          0.0
      - No suitable cell            0          0.0
State Retention instances           0          0.0
--------------------------------------------------

PBS_Generic_Opt-Post - Elapsed_Time 2, CPU_Time 1.9210520000000004
stamp 'PBS_Generic_Opt-Post' being created for table 'pbs_debug'

  Total Time (Wall) |  Stage Time (Wall)  |   % (Wall)   |    Date - Time     |  Memory   | Stage
--------------------+---------------------+--------------+--------------------+-----------+----------------------
 00:00:04(00:00:14) |  00:00:00(00:00:00) |   0.0(  0.0) |   17:33:31 (Mar27) |  478.9 MB | PBS_Generic-Start
--------------------+---------------------+--------------+--------------------+-----------+----------------------
 00:00:05(00:00:16) |  00:00:01(00:00:02) | 100.0(100.0) |   17:33:33 (Mar27) |  478.9 MB | PBS_Generic_Opt-Post
--------------------+---------------------+--------------+--------------------+-----------+----------------------
Number of threads: 8 * 1   (id: pbs_debug, time_info v1.57)
Info: (*N*) indicates data that was populated from previously saved time_info database
Info: CPU time includes time of parent + longest thread
PBS_Generic-Postgen HBO Optimizations - Elapsed_Time 0, CPU_Time 0.0
stamp 'PBS_Generic-Postgen HBO Optimizations' being created for table 'pbs_debug'

  Total Time (Wall) |  Stage Time (Wall)  |   % (Wall)   |    Date - Time     |  Memory   | Stage
--------------------+---------------------+--------------+--------------------+-----------+----------------------
 00:00:04(00:00:14) |  00:00:00(00:00:00) |   0.0(  0.0) |   17:33:31 (Mar27) |  478.9 MB | PBS_Generic-Start
--------------------+---------------------+--------------+--------------------+-----------+----------------------
 00:00:05(00:00:16) |  00:00:01(00:00:02) | 100.0(100.0) |   17:33:33 (Mar27) |  478.9 MB | PBS_Generic_Opt-Post
--------------------+---------------------+--------------+--------------------+-----------+----------------------
 00:00:05(00:00:16) |  00:00:00(00:00:00) |   0.0(  0.0) |   17:33:33 (Mar27) |  478.9 MB | PBS_Generic-Postgen HBO Optimizations
--------------------+---------------------+--------------+--------------------+-----------+----------------------
Number of threads: 8 * 1   (id: pbs_debug, time_info v1.57)
Info: (*N*) indicates data that was populated from previously saved time_info database
Info: CPU time includes time of parent + longest thread
##>=================== Cadence Confidential (Generic-Logical) ===================
##>=================== Cadence Confidential (Generic-Logical) ===================
##>Main Thread Summary:
##>----------------------------------------------------------------------------------------
##>STEP                           Elapsed       WNS       TNS     Insts      Area    Memory
##>----------------------------------------------------------------------------------------
##>G:Initial                            0         -         -       441      3608       478
##>G:Setup                              0         -         -         -         -         -
##>G:Launch ST                          0         -         -         -         -         -
##>G:Design Partition                   0         -         -         -         -         -
##>G:Create Partition Netlists          0         -         -         -         -         -
##>G:Init Power                         0         -         -         -         -         -
##>G:Budgeting                          0         -         -         -         -         -
##>G:Derenv-DB                          0         -         -         -         -         -
##>G:Debug Outputs                      0         -         -         -         -         -
##>G:ST loading                         0         -         -         -         -         -
##>G:Distributed                        0         -         -         -         -         -
##>G:Timer                              0         -         -         -         -         -
##>G:Assembly                           0         -         -         -         -         -
##>G:DFT                                0         -         -         -         -         -
##>G:Const Prop                         0         -         -       182      1880       478
##>G:Misc                               2
##>----------------------------------------------------------------------------------------
##>Total Elapsed                        2
##>========================================================================================
Info    : Done synthesizing. [SYNTH-2]
        : Done synthesizing 'watermarking_system' to generic gates.
      flow.cputime  flow.realtime  timing.setup.tns  timing.setup.wns  snapshot
UM:*                                                                   syn_gen
@file(mini1.tcl) 9: syn_map
##Generic Timing Info for library domain: _default_ typical gate delay: 127.0 ps std_slew: 15.5 ps std_load: 7.0 fF
Info    : Mapping. [SYNTH-4]
        : Mapping 'watermarking_system' using 'medium' effort.
Mapper: Libraries have:
	domain _default_: 324 combo usable cells and 128 sequential usable cells
Configuring mapper costing (none)
TNS Restructuring config: no_value at stage: map applied.
PBS_TechMap-Start - Elapsed_Time 0, CPU_Time 0.0
stamp 'PBS_TechMap-Start' being created for table 'pbs_debug'

  Total Time (Wall) |  Stage Time (Wall)  |   % (Wall)   |    Date - Time     |  Memory   | Stage
--------------------+---------------------+--------------+--------------------+-----------+----------------------
 00:00:04(00:00:14) |  00:00:00(00:00:00) |   0.0(  0.0) |   17:33:31 (Mar27) |  478.9 MB | PBS_Generic-Start
--------------------+---------------------+--------------+--------------------+-----------+----------------------
 00:00:05(00:00:16) |  00:00:01(00:00:02) | 100.0(100.0) |   17:33:33 (Mar27) |  478.9 MB | PBS_Generic_Opt-Post
--------------------+---------------------+--------------+--------------------+-----------+----------------------
 00:00:05(00:00:16) |  00:00:00(00:00:00) |   0.0(  0.0) |   17:33:33 (Mar27) |  478.9 MB | PBS_Generic-Postgen HBO Optimizations
--------------------+---------------------+--------------+--------------------+-----------+----------------------
 00:00:05(00:00:16) |  00:00:00(00:00:00) |   0.0(  0.0) |   17:33:33 (Mar27) |  478.9 MB | PBS_TechMap-Start
--------------------+---------------------+--------------+--------------------+-----------+----------------------
Number of threads: 8 * 1   (id: pbs_debug, time_info v1.57)
Info: (*N*) indicates data that was populated from previously saved time_info database
Info: CPU time includes time of parent + longest thread
PBS_TechMap-Premap HBO Optimizations - Elapsed_Time 0, CPU_Time 0.0
stamp 'PBS_TechMap-Premap HBO Optimizations' being created for table 'pbs_debug'

  Total Time (Wall) |  Stage Time (Wall)  |   % (Wall)   |    Date - Time     |  Memory   | Stage
--------------------+---------------------+--------------+--------------------+-----------+----------------------
 00:00:04(00:00:14) |  00:00:00(00:00:00) |   0.0(  0.0) |   17:33:31 (Mar27) |  478.9 MB | PBS_Generic-Start
--------------------+---------------------+--------------+--------------------+-----------+----------------------
 00:00:05(00:00:16) |  00:00:01(00:00:02) | 100.0(100.0) |   17:33:33 (Mar27) |  478.9 MB | PBS_Generic_Opt-Post
--------------------+---------------------+--------------+--------------------+-----------+----------------------
 00:00:05(00:00:16) |  00:00:00(00:00:00) |   0.0(  0.0) |   17:33:33 (Mar27) |  478.9 MB | PBS_Generic-Postgen HBO Optimizations
--------------------+---------------------+--------------+--------------------+-----------+----------------------
 00:00:05(00:00:16) |  00:00:00(00:00:00) |   0.0(  0.0) |   17:33:33 (Mar27) |  478.9 MB | PBS_TechMap-Start
--------------------+---------------------+--------------+--------------------+-----------+----------------------
 00:00:05(00:00:16) |  00:00:00(00:00:00) |   0.0(  0.0) |   17:33:33 (Mar27) |  478.9 MB | PBS_TechMap-Premap HBO Optimizations
--------------------+---------------------+--------------+--------------------+-----------+----------------------
Number of threads: 8 * 1   (id: pbs_debug, time_info v1.57)
Info: (*N*) indicates data that was populated from previously saved time_info database
Info: CPU time includes time of parent + longest thread
Info    : Partition Based Synthesis execution skipped. [PHYS-752]
        : Design size is less than the partition size '100000' for distributed mapping optimization to kick in.
Mapper: Libraries have:
	domain _default_: 324 combo usable cells and 128 sequential usable cells
Multi-threaded Virtual Mapping    (8 threads, 8 of 28 CPUs usable)
==================================
Stage : first_condense 
==================================
  =================
   Message Summary
  =================
-----------------------------------------------------------------------
|    Id    |Sev  |Count |                Message Text                 |
-----------------------------------------------------------------------
| PHYS-752 |Info |    1 |Partition Based Synthesis execution skipped. |
| SYNTH-2  |Info |    1 |Done synthesizing.                           |
| SYNTH-4  |Info |    1 |Mapping.                                     |
-----------------------------------------------------------------------
 
Global mapping target info
==========================
Cost Group 'sys_clk' target slack:   233 ps
Target path end-point (Port: watermarking_system/valid_out)

Multi-threaded Virtual Mapping    (8 threads, 8 of 28 CPUs usable)
Multi-threaded Technology Mapping (8 threads, 8 of 28 CPUs usable)
 
Global mapping status
=====================
                                   Group   
                                  Tot Wrst 
                           Total  Weighted 
Operation                   Area   Slacks  
 global_map                  901        0 

    Cost Group            Target    Slack    Diff.  Constr.
-----------------------------------------------------------
       sys_clk               233     6683             10000 

 
Global incremental target info
==============================
Cost Group 'sys_clk' target slack:   153 ps
Target path end-point (Port: watermarking_system/valid_out)

 
Global incremental optimization status
======================================
                                   Group   
                                  Tot Wrst 
                           Total  Weighted 
Operation                   Area   Slacks  
 global_incr                 896        0 

    Cost Group            Target    Slack    Diff.  Constr.
-----------------------------------------------------------
       sys_clk               153     6670             10000 


State Retention Synthesis Status
================================

Category                        Flops   Percentage
--------------------------------------------------
Total instances                    26        100.0
Excluded from State Retention      26        100.0
    - Will not convert             26        100.0
      - Preserved                   0          0.0
      - Power intent excluded      26        100.0
    - Could not convert             0          0.0
      - Scan type                   0          0.0
      - No suitable cell            0          0.0
State Retention instances           0          0.0
--------------------------------------------------

INFO: skipping constant propagation
PBS_Techmap-Global Mapping - Elapsed_Time 0, CPU_Time -0.24010500000000068
stamp 'PBS_Techmap-Global Mapping' being created for table 'pbs_debug'

  Total Time (Wall) |  Stage Time (Wall)  |   % (Wall)   |    Date - Time     |  Memory   | Stage
--------------------+---------------------+--------------+--------------------+-----------+----------------------
 00:00:04(00:00:14) |  00:00:00(00:00:00) |   0.0(  0.0) |   17:33:31 (Mar27) |  478.9 MB | PBS_Generic-Start
--------------------+---------------------+--------------+--------------------+-----------+----------------------
 00:00:05(00:00:16) |  00:00:01(00:00:02) | 114.3(100.0) |   17:33:33 (Mar27) |  478.9 MB | PBS_Generic_Opt-Post
--------------------+---------------------+--------------+--------------------+-----------+----------------------
 00:00:05(00:00:16) |  00:00:00(00:00:00) |   0.0(  0.0) |   17:33:33 (Mar27) |  478.9 MB | PBS_Generic-Postgen HBO Optimizations
--------------------+---------------------+--------------+--------------------+-----------+----------------------
 00:00:05(00:00:16) |  00:00:00(00:00:00) |   0.0(  0.0) |   17:33:33 (Mar27) |  478.9 MB | PBS_TechMap-Start
--------------------+---------------------+--------------+--------------------+-----------+----------------------
 00:00:05(00:00:16) |  00:00:00(00:00:00) |   0.0(  0.0) |   17:33:33 (Mar27) |  478.9 MB | PBS_TechMap-Premap HBO Optimizations
--------------------+---------------------+--------------+--------------------+-----------+----------------------
 00:00:05(00:00:16) |  00:00:00(00:00:00) | -14.3(  0.0) |   17:33:33 (Mar27) |  478.9 MB | PBS_Techmap-Global Mapping
--------------------+---------------------+--------------+--------------------+-----------+----------------------
Number of threads: 8 * 1   (id: pbs_debug, time_info v1.57)
Info: (*N*) indicates data that was populated from previously saved time_info database
Info: CPU time includes time of parent + longest thread
Warning : Command 'commit_power_intent' cannot proceed as there is no power intent loaded. [CPI-506]
        : Command 'commit_power_intent' requires a valid power_intent to be loaded.
Info    : Wrote formal verification information. [CFM-5]
        : Wrote 'fv/watermarking_system/fv_map.fv.json' for netlist 'fv/watermarking_system/fv_map.v.gz'.
Info    : Wrote dofile. [CFM-1]
        : Dofile is 'fv/watermarking_system/rtl_to_fv_map.do'.
        : Alias mapping flow is enabled.
PBS_TechMap-Datapath Postmap Operations - Elapsed_Time 1, CPU_Time 1.0
stamp 'PBS_TechMap-Datapath Postmap Operations' being created for table 'pbs_debug'

  Total Time (Wall) |  Stage Time (Wall)  |   % (Wall)   |    Date - Time     |  Memory   | Stage
--------------------+---------------------+--------------+--------------------+-----------+----------------------
 00:00:04(00:00:14) |  00:00:00(00:00:00) |   0.0(  0.0) |   17:33:31 (Mar27) |  478.9 MB | PBS_Generic-Start
--------------------+---------------------+--------------+--------------------+-----------+----------------------
 00:00:05(00:00:16) |  00:00:01(00:00:02) |  71.7( 66.7) |   17:33:33 (Mar27) |  478.9 MB | PBS_Generic_Opt-Post
--------------------+---------------------+--------------+--------------------+-----------+----------------------
 00:00:05(00:00:16) |  00:00:00(00:00:00) |   0.0(  0.0) |   17:33:33 (Mar27) |  478.9 MB | PBS_Generic-Postgen HBO Optimizations
--------------------+---------------------+--------------+--------------------+-----------+----------------------
 00:00:05(00:00:16) |  00:00:00(00:00:00) |   0.0(  0.0) |   17:33:33 (Mar27) |  478.9 MB | PBS_TechMap-Start
--------------------+---------------------+--------------+--------------------+-----------+----------------------
 00:00:05(00:00:16) |  00:00:00(00:00:00) |   0.0(  0.0) |   17:33:33 (Mar27) |  478.9 MB | PBS_TechMap-Premap HBO Optimizations
--------------------+---------------------+--------------+--------------------+-----------+----------------------
 00:00:05(00:00:16) |  00:00:00(00:00:00) |  -9.0(  0.0) |   17:33:33 (Mar27) |  478.9 MB | PBS_Techmap-Global Mapping
--------------------+---------------------+--------------+--------------------+-----------+----------------------
 00:00:06(00:00:17) |  00:00:01(00:00:01) |  37.3( 33.3) |   17:33:34 (Mar27) |  478.9 MB | PBS_TechMap-Datapath Postmap Operations
--------------------+---------------------+--------------+--------------------+-----------+----------------------
Number of threads: 8 * 1   (id: pbs_debug, time_info v1.57)
Info: (*N*) indicates data that was populated from previously saved time_info database
Info: CPU time includes time of parent + longest thread
PBS_TechMap-Postmap HBO Optimizations - Elapsed_Time 0, CPU_Time -0.00038999999999944635
stamp 'PBS_TechMap-Postmap HBO Optimizations' being created for table 'pbs_debug'

  Total Time (Wall) |  Stage Time (Wall)  |   % (Wall)   |    Date - Time     |  Memory   | Stage
--------------------+---------------------+--------------+--------------------+-----------+----------------------
 00:00:04(00:00:14) |  00:00:00(00:00:00) |   0.0(  0.0) |   17:33:31 (Mar27) |  478.9 MB | PBS_Generic-Start
--------------------+---------------------+--------------+--------------------+-----------+----------------------
 00:00:05(00:00:16) |  00:00:01(00:00:02) |  71.7( 66.7) |   17:33:33 (Mar27) |  478.9 MB | PBS_Generic_Opt-Post
--------------------+---------------------+--------------+--------------------+-----------+----------------------
 00:00:05(00:00:16) |  00:00:00(00:00:00) |   0.0(  0.0) |   17:33:33 (Mar27) |  478.9 MB | PBS_Generic-Postgen HBO Optimizations
--------------------+---------------------+--------------+--------------------+-----------+----------------------
 00:00:05(00:00:16) |  00:00:00(00:00:00) |   0.0(  0.0) |   17:33:33 (Mar27) |  478.9 MB | PBS_TechMap-Start
--------------------+---------------------+--------------+--------------------+-----------+----------------------
 00:00:05(00:00:16) |  00:00:00(00:00:00) |   0.0(  0.0) |   17:33:33 (Mar27) |  478.9 MB | PBS_TechMap-Premap HBO Optimizations
--------------------+---------------------+--------------+--------------------+-----------+----------------------
 00:00:05(00:00:16) |  00:00:00(00:00:00) |  -9.0(  0.0) |   17:33:33 (Mar27) |  478.9 MB | PBS_Techmap-Global Mapping
--------------------+---------------------+--------------+--------------------+-----------+----------------------
 00:00:06(00:00:17) |  00:00:01(00:00:01) |  37.3( 33.3) |   17:33:34 (Mar27) |  478.9 MB | PBS_TechMap-Datapath Postmap Operations
--------------------+---------------------+--------------+--------------------+-----------+----------------------
 00:00:06(00:00:17) |  00:00:00(00:00:00) |  -0.0(  0.0) |   17:33:34 (Mar27) |  478.9 MB | PBS_TechMap-Postmap HBO Optimizations
--------------------+---------------------+--------------+--------------------+-----------+----------------------
Number of threads: 8 * 1   (id: pbs_debug, time_info v1.57)
Info: (*N*) indicates data that was populated from previously saved time_info database
Info: CPU time includes time of parent + longest thread
 Doing ConstProp on design:watermarking_system ... 

Time taken by ConstProp Step: 00:00:00
PBS_TechMap-Postmap Clock Gating - Elapsed_Time 0, CPU_Time 0.0
stamp 'PBS_TechMap-Postmap Clock Gating' being created for table 'pbs_debug'

  Total Time (Wall) |  Stage Time (Wall)  |   % (Wall)   |    Date - Time     |  Memory   | Stage
--------------------+---------------------+--------------+--------------------+-----------+----------------------
 00:00:04(00:00:14) |  00:00:00(00:00:00) |   0.0(  0.0) |   17:33:31 (Mar27) |  478.9 MB | PBS_Generic-Start
--------------------+---------------------+--------------+--------------------+-----------+----------------------
 00:00:05(00:00:16) |  00:00:01(00:00:02) |  71.7( 66.7) |   17:33:33 (Mar27) |  478.9 MB | PBS_Generic_Opt-Post
--------------------+---------------------+--------------+--------------------+-----------+----------------------
 00:00:05(00:00:16) |  00:00:00(00:00:00) |   0.0(  0.0) |   17:33:33 (Mar27) |  478.9 MB | PBS_Generic-Postgen HBO Optimizations
--------------------+---------------------+--------------+--------------------+-----------+----------------------
 00:00:05(00:00:16) |  00:00:00(00:00:00) |   0.0(  0.0) |   17:33:33 (Mar27) |  478.9 MB | PBS_TechMap-Start
--------------------+---------------------+--------------+--------------------+-----------+----------------------
 00:00:05(00:00:16) |  00:00:00(00:00:00) |   0.0(  0.0) |   17:33:33 (Mar27) |  478.9 MB | PBS_TechMap-Premap HBO Optimizations
--------------------+---------------------+--------------+--------------------+-----------+----------------------
 00:00:05(00:00:16) |  00:00:00(00:00:00) |  -9.0(  0.0) |   17:33:33 (Mar27) |  478.9 MB | PBS_Techmap-Global Mapping
--------------------+---------------------+--------------+--------------------+-----------+----------------------
 00:00:06(00:00:17) |  00:00:01(00:00:01) |  37.3( 33.3) |   17:33:34 (Mar27) |  478.9 MB | PBS_TechMap-Datapath Postmap Operations
--------------------+---------------------+--------------+--------------------+-----------+----------------------
 00:00:06(00:00:17) |  00:00:00(00:00:00) |  -0.0(  0.0) |   17:33:34 (Mar27) |  478.9 MB | PBS_TechMap-Postmap HBO Optimizations
--------------------+---------------------+--------------+--------------------+-----------+----------------------
 00:00:06(00:00:17) |  00:00:00(00:00:00) |   0.0(  0.0) |   17:33:34 (Mar27) |  478.9 MB | PBS_TechMap-Postmap Clock Gating
--------------------+---------------------+--------------+--------------------+-----------+----------------------
Number of threads: 8 * 1   (id: pbs_debug, time_info v1.57)
Info: (*N*) indicates data that was populated from previously saved time_info database
Info: CPU time includes time of parent + longest thread
-------------------------------------------------------------------------------
 hi_fo_buf                   896        0         0         0

           Trick     Calls     Accepts   Attempts    Time(secs) 
-----------------------------------------------------------
       hi_fo_buf         0  (        0 /        0 )  0.00

 
Incremental optimization status
===============================
                                   Group   
                                  Tot Wrst     Total DRC Total
                           Total  Weighted      Neg       Max 
Operation                   Area   Slacks      Slack      Cap 
 init_delay                  896        0         0         0

           Trick     Calls     Accepts   Attempts    Time(secs) 
-----------------------------------------------------------
       crit_upsz         0  (        0 /        0 )  0.00
    plc_bal_star         0  (        0 /        0 )  0.00
     drc_buftimb         0  (        0 /        0 )  0.00
          plc_st         0  (        0 /        0 )  0.00
    plc_st_fence         0  (        0 /        0 )  0.00
        plc_star         0  (        0 /        0 )  0.00
      plc_laf_st         0  (        0 /        0 )  0.00
 plc_laf_st_fence         0  (        0 /        0 )  0.00
     drc_buftims         0  (        0 /        0 )  0.00
            fopt         0  (        0 /        0 )  0.00
   plc_laf_lo_st         0  (        0 /        0 )  0.00
       plc_lo_st         0  (        0 /        0 )  0.00
        mb_split         0  (        0 /        0 )  0.00

 
Local TNS optimization status
=============================
                                   Group   
                                  Tot Wrst     Total DRC Total
                           Total  Weighted      Neg       Max 
Operation                   Area   Slacks      Slack      Cap 
 init_tns                    896        0         0         0

           Trick     Calls     Accepts   Attempts    Time(secs) 
-----------------------------------------------------------
    plc_bal_star         0  (        0 /        0 )  0.00
     drc_buftimb         0  (        0 /        0 )  0.00
     drc_buftims         0  (        0 /        0 )  0.00
       crit_upsz         0  (        0 /        0 )  0.00
   plc_laf_lo_st         0  (        0 /        0 )  0.00
       plc_lo_st         0  (        0 /        0 )  0.00
            fopt         0  (        0 /        0 )  0.00
       crit_dnsz         0  (        0 /        0 )  0.00
             dup         0  (        0 /        0 )  0.00
        setup_dn         0  (        0 /        0 )  0.00
        mb_split         0  (        0 /        0 )  0.00

PBS_TechMap-Postmap Cleanup - Elapsed_Time 0, CPU_Time 0.0
stamp 'PBS_TechMap-Postmap Cleanup' being created for table 'pbs_debug'

  Total Time (Wall) |  Stage Time (Wall)  |   % (Wall)   |    Date - Time     |  Memory   | Stage
--------------------+---------------------+--------------+--------------------+-----------+----------------------
 00:00:04(00:00:14) |  00:00:00(00:00:00) |   0.0(  0.0) |   17:33:31 (Mar27) |  478.9 MB | PBS_Generic-Start
--------------------+---------------------+--------------+--------------------+-----------+----------------------
 00:00:05(00:00:16) |  00:00:01(00:00:02) |  71.7( 66.7) |   17:33:33 (Mar27) |  478.9 MB | PBS_Generic_Opt-Post
--------------------+---------------------+--------------+--------------------+-----------+----------------------
 00:00:05(00:00:16) |  00:00:00(00:00:00) |   0.0(  0.0) |   17:33:33 (Mar27) |  478.9 MB | PBS_Generic-Postgen HBO Optimizations
--------------------+---------------------+--------------+--------------------+-----------+----------------------
 00:00:05(00:00:16) |  00:00:00(00:00:00) |   0.0(  0.0) |   17:33:33 (Mar27) |  478.9 MB | PBS_TechMap-Start
--------------------+---------------------+--------------+--------------------+-----------+----------------------
 00:00:05(00:00:16) |  00:00:00(00:00:00) |   0.0(  0.0) |   17:33:33 (Mar27) |  478.9 MB | PBS_TechMap-Premap HBO Optimizations
--------------------+---------------------+--------------+--------------------+-----------+----------------------
 00:00:05(00:00:16) |  00:00:00(00:00:00) |  -9.0(  0.0) |   17:33:33 (Mar27) |  478.9 MB | PBS_Techmap-Global Mapping
--------------------+---------------------+--------------+--------------------+-----------+----------------------
 00:00:06(00:00:17) |  00:00:01(00:00:01) |  37.3( 33.3) |   17:33:34 (Mar27) |  478.9 MB | PBS_TechMap-Datapath Postmap Operations
--------------------+---------------------+--------------+--------------------+-----------+----------------------
 00:00:06(00:00:17) |  00:00:00(00:00:00) |  -0.0(  0.0) |   17:33:34 (Mar27) |  478.9 MB | PBS_TechMap-Postmap HBO Optimizations
--------------------+---------------------+--------------+--------------------+-----------+----------------------
 00:00:06(00:00:17) |  00:00:00(00:00:00) |   0.0(  0.0) |   17:33:34 (Mar27) |  478.9 MB | PBS_TechMap-Postmap Clock Gating
--------------------+---------------------+--------------+--------------------+-----------+----------------------
 00:00:06(00:00:17) |  00:00:00(00:00:00) |   0.0(  0.0) |   17:33:34 (Mar27) |  478.9 MB | PBS_TechMap-Postmap Cleanup
--------------------+---------------------+--------------+--------------------+-----------+----------------------
Number of threads: 8 * 1   (id: pbs_debug, time_info v1.57)
Info: (*N*) indicates data that was populated from previously saved time_info database
Info: CPU time includes time of parent + longest thread
PBS_Techmap-Post_MBCI - Elapsed_Time 0, CPU_Time 0.0
stamp 'PBS_Techmap-Post_MBCI' being created for table 'pbs_debug'

  Total Time (Wall) |  Stage Time (Wall)  |   % (Wall)   |    Date - Time     |  Memory   | Stage
--------------------+---------------------+--------------+--------------------+-----------+----------------------
 00:00:04(00:00:14) |  00:00:00(00:00:00) |   0.0(  0.0) |   17:33:31 (Mar27) |  478.9 MB | PBS_Generic-Start
--------------------+---------------------+--------------+--------------------+-----------+----------------------
 00:00:05(00:00:16) |  00:00:01(00:00:02) |  71.7( 66.7) |   17:33:33 (Mar27) |  478.9 MB | PBS_Generic_Opt-Post
--------------------+---------------------+--------------+--------------------+-----------+----------------------
 00:00:05(00:00:16) |  00:00:00(00:00:00) |   0.0(  0.0) |   17:33:33 (Mar27) |  478.9 MB | PBS_Generic-Postgen HBO Optimizations
--------------------+---------------------+--------------+--------------------+-----------+----------------------
 00:00:05(00:00:16) |  00:00:00(00:00:00) |   0.0(  0.0) |   17:33:33 (Mar27) |  478.9 MB | PBS_TechMap-Start
--------------------+---------------------+--------------+--------------------+-----------+----------------------
 00:00:05(00:00:16) |  00:00:00(00:00:00) |   0.0(  0.0) |   17:33:33 (Mar27) |  478.9 MB | PBS_TechMap-Premap HBO Optimizations
--------------------+---------------------+--------------+--------------------+-----------+----------------------
 00:00:05(00:00:16) |  00:00:00(00:00:00) |  -9.0(  0.0) |   17:33:33 (Mar27) |  478.9 MB | PBS_Techmap-Global Mapping
--------------------+---------------------+--------------+--------------------+-----------+----------------------
 00:00:06(00:00:17) |  00:00:01(00:00:01) |  37.3( 33.3) |   17:33:34 (Mar27) |  478.9 MB | PBS_TechMap-Datapath Postmap Operations
--------------------+---------------------+--------------+--------------------+-----------+----------------------
 00:00:06(00:00:17) |  00:00:00(00:00:00) |  -0.0(  0.0) |   17:33:34 (Mar27) |  478.9 MB | PBS_TechMap-Postmap HBO Optimizations
--------------------+---------------------+--------------+--------------------+-----------+----------------------
 00:00:06(00:00:17) |  00:00:00(00:00:00) |   0.0(  0.0) |   17:33:34 (Mar27) |  478.9 MB | PBS_TechMap-Postmap Clock Gating
--------------------+---------------------+--------------+--------------------+-----------+----------------------
 00:00:06(00:00:17) |  00:00:00(00:00:00) |   0.0(  0.0) |   17:33:34 (Mar27) |  478.9 MB | PBS_TechMap-Postmap Cleanup
--------------------+---------------------+--------------+--------------------+-----------+----------------------
 00:00:06(00:00:17) |  00:00:00(00:00:00) |   0.0(  0.0) |   17:33:34 (Mar27) |  478.9 MB | PBS_Techmap-Post_MBCI
--------------------+---------------------+--------------+--------------------+-----------+----------------------
Number of threads: 8 * 1   (id: pbs_debug, time_info v1.57)
Info: (*N*) indicates data that was populated from previously saved time_info database
Info: CPU time includes time of parent + longest thread
##>=================== Cadence Confidential (Mapping-Logical) ===================
##>Main Thread Summary:
##>----------------------------------------------------------------------------------------
##>STEP                           Elapsed       WNS       TNS     Insts      Area    Memory
##>----------------------------------------------------------------------------------------
##>M:Initial                            0         -         -       182      1880       478
##>M:Pre Cleanup                        0         -         -       182      1880       478
##>M:Setup                              0         -         -         -         -         -
##>M:Launch ST                          0         -         -         -         -         -
##>M:Design Partition                   0         -         -         -         -         -
##>M:Create Partition Netlists          0         -         -         -         -         -
##>M:Init Power                         0         -         -         -         -         -
##>M:Budgeting                          0         -         -         -         -         -
##>M:Derenv-DB                          0         -         -         -         -         -
##>M:Debug Outputs                      0         -         -         -         -         -
##>M:ST loading                         0         -         -         -         -         -
##>M:Distributed                        0         -         -         -         -         -
##>M:Timer                              0         -         -         -         -         -
##>M:Assembly                           0         -         -         -         -         -
##>M:DFT                                0         -         -         -         -         -
##>M:DP Operations                      1         -         -       131       896       478
##>M:Const Prop                         0      6670         0       131       896       478
##>M:Cleanup                            0      6670         0       131       896       478
##>M:MBCI                               0         -         -       131       896       478
##>M:Const Gate Removal                 0         -         -         -         -         -
##>M:Misc                               0
##>----------------------------------------------------------------------------------------
##>Total Elapsed                        1
##>========================================================================================
Info    : Done mapping. [SYNTH-5]
        : Done mapping 'watermarking_system'.
      flow.cputime  flow.realtime  timing.setup.tns  timing.setup.wns  snapshot
UM:*                                                                   syn_map
@file(mini1.tcl) 10: syn_opt
Info    : Incrementally optimizing. [SYNTH-7]
        : Incrementally optimizing 'watermarking_system' using 'medium' effort.
 
Incremental optimization status
===============================
                                   Group   
                                  Tot Wrst     Total DRC Total
                           Total  Weighted      Neg       Max 
Operation                   Area   Slacks      Slack      Cap 
 init_iopt                   896        0         0         0
-------------------------------------------------------------------------------
 const_prop                  896        0         0         0
 
Incremental optimization status
===============================
                                   Group   
                                  Tot Wrst     Total DRC Total
                           Total  Weighted      Neg       Max 
Operation                   Area   Slacks      Slack      Cap 
 init_delay                  896        0         0         0

           Trick     Calls     Accepts   Attempts    Time(secs) 
-----------------------------------------------------------
       crit_upsz         0  (        0 /        0 )  0.00
    plc_bal_star         0  (        0 /        0 )  0.00
     drc_buftimb         0  (        0 /        0 )  0.00
          plc_st         0  (        0 /        0 )  0.00
    plc_st_fence         0  (        0 /        0 )  0.00
        plc_star         0  (        0 /        0 )  0.00
      plc_laf_st         0  (        0 /        0 )  0.00
 plc_laf_st_fence         0  (        0 /        0 )  0.00
     drc_buftims         0  (        0 /        0 )  0.00
   plc_laf_lo_st         0  (        0 /        0 )  0.00
       plc_lo_st         0  (        0 /        0 )  0.00
            fopt         0  (        0 /        0 )  0.00
       crit_dnsz         0  (        0 /        0 )  0.00
             dup         0  (        0 /        0 )  0.00
            fopt         0  (        0 /        0 )  0.00
        setup_dn         0  (        0 /        0 )  0.00
         buf2inv         0  (        0 /        0 )  0.00
        mb_split         0  (        0 /        0 )  0.00
             exp         0  (        0 /        0 )  0.00
       gate_deco         0  (        0 /        0 )  0.00
       gcomp_tim         0  (        0 /        0 )  0.00
  inv_pair_2_buf         0  (        0 /        0 )  0.00

 init_drc                    896        0         0         0

           Trick     Calls     Accepts   Attempts    Time(secs) 
-----------------------------------------------------------
          plc_st         0  (        0 /        0 )  0.00
        plc_star         0  (        0 /        0 )  0.00
        drc_bufs         0  (        0 /        0 )  0.00
        drc_fopt         0  (        0 /        0 )  0.00
        drc_bufb         0  (        0 /        0 )  0.00
      simple_buf         0  (        0 /        0 )  0.00
             dup         0  (        0 /        0 )  0.00
       crit_dnsz         0  (        0 /        0 )  0.00
       crit_upsz         0  (        0 /        0 )  0.00


           Trick     Calls     Accepts   Attempts    Time(secs) 
-----------------------------------------------------------
          plc_st         0  (        0 /        0 )  0.00
        plc_star         0  (        0 /        0 )  0.00
      drc_buf_sp         0  (        0 /        0 )  0.00
        drc_bufs         0  (        0 /        0 )  0.00
        drc_fopt         0  (        0 /        0 )  0.00
        drc_bufb         0  (        0 /        0 )  0.00
      simple_buf         0  (        0 /        0 )  0.00
             dup         0  (        0 /        0 )  0.00
       crit_dnsz         0  (        0 /        0 )  0.00
       crit_upsz         0  (        0 /        0 )  0.00


           Trick     Calls     Accepts   Attempts    Time(secs) 
-----------------------------------------------------------
          plc_st         0  (        0 /        0 )  0.00
        plc_star         0  (        0 /        0 )  0.00
      drc_buf_sp         0  (        0 /        0 )  0.00
        drc_bufs         0  (        0 /        0 )  0.00
        drc_fopt         0  (        0 /        0 )  0.00
        drc_bufb         0  (        0 /        0 )  0.00
             dup         0  (        0 /        0 )  0.00
       crit_dnsz         0  (        0 /        0 )  0.00
       crit_upsz         0  (        0 /        0 )  0.00

 init_tns                    896        0         0         0

           Trick     Calls     Accepts   Attempts    Time(secs) 
-----------------------------------------------------------
    plc_bal_star         0  (        0 /        0 )  0.00
     drc_buftimb         0  (        0 /        0 )  0.00
     drc_buftims         0  (        0 /        0 )  0.00
       crit_upsz         0  (        0 /        0 )  0.00
   plc_laf_lo_st         0  (        0 /        0 )  0.00
       plc_lo_st         0  (        0 /        0 )  0.00
            fopt         0  (        0 /        0 )  0.00
       crit_dnsz         0  (        0 /        0 )  0.00
             dup         0  (        0 /        0 )  0.00
        setup_dn         0  (        0 /        0 )  0.00
         buf2inv         0  (        0 /        0 )  0.00
        mb_split         0  (        0 /        0 )  0.00

 init_area                   896        0         0         0

           Trick     Calls     Accepts   Attempts    Time(secs) 
-----------------------------------------------------------
           undup         0  (        0 /        0 )  0.00
         rem_buf         0  (        0 /        0 )  0.00
         rem_inv         0  (        0 /        0 )  0.00
        merge_bi         0  (        0 /        0 )  0.00
      rem_inv_qb         0  (        0 /        0 )  0.00
        io_phase         0  (        0 /        0 )  0.00
       gate_comp        16  (        0 /        0 )  0.02
       gcomp_mog         4  (        0 /        0 )  0.01
       glob_area         9  (        0 /        9 )  0.00
       area_down         0  (        0 /        0 )  0.00
      size_n_buf         0  (        0 /        0 )  0.00
  gate_deco_area         0  (        0 /        0 )  0.00
         rem_buf         0  (        0 /        0 )  0.00
         rem_inv         0  (        0 /        0 )  0.00
        merge_bi         0  (        0 /        0 )  0.00
      rem_inv_qb         0  (        0 /        0 )  0.00

 
Incremental optimization status
===============================
                                   Group   
                                  Tot Wrst     Total DRC Total
                           Total  Weighted      Neg       Max 
Operation                   Area   Slacks      Slack      Cap 
 init_delay                  896        0         0         0

           Trick     Calls     Accepts   Attempts    Time(secs) 
-----------------------------------------------------------
       crit_upsz         0  (        0 /        0 )  0.00
    plc_bal_star         0  (        0 /        0 )  0.00
     drc_buftimb         0  (        0 /        0 )  0.00
          plc_st         0  (        0 /        0 )  0.00
    plc_st_fence         0  (        0 /        0 )  0.00
        plc_star         0  (        0 /        0 )  0.00
      plc_laf_st         0  (        0 /        0 )  0.00
 plc_laf_st_fence         0  (        0 /        0 )  0.00
     drc_buftims         0  (        0 /        0 )  0.00
   plc_laf_lo_st         0  (        0 /        0 )  0.00
       plc_lo_st         0  (        0 /        0 )  0.00
            fopt         0  (        0 /        0 )  0.00
       crit_dnsz         0  (        0 /        0 )  0.00
             dup         0  (        0 /        0 )  0.00
            fopt         0  (        0 /        0 )  0.00
        setup_dn         0  (        0 /        0 )  0.00
         buf2inv         0  (        0 /        0 )  0.00
        mb_split         0  (        0 /        0 )  0.00
             exp         0  (        0 /        0 )  0.00
       gate_deco         0  (        0 /        0 )  0.00
       gcomp_tim         0  (        0 /        0 )  0.00
  inv_pair_2_buf         0  (        0 /        0 )  0.00

 init_drc                    896        0         0         0

           Trick     Calls     Accepts   Attempts    Time(secs) 
-----------------------------------------------------------
          plc_st         0  (        0 /        0 )  0.00
        plc_star         0  (        0 /        0 )  0.00
        drc_bufs         0  (        0 /        0 )  0.00
        drc_fopt         0  (        0 /        0 )  0.00
        drc_bufb         0  (        0 /        0 )  0.00
      simple_buf         0  (        0 /        0 )  0.00
             dup         0  (        0 /        0 )  0.00
       crit_dnsz         0  (        0 /        0 )  0.00
       crit_upsz         0  (        0 /        0 )  0.00


           Trick     Calls     Accepts   Attempts    Time(secs) 
-----------------------------------------------------------
          plc_st         0  (        0 /        0 )  0.00
        plc_star         0  (        0 /        0 )  0.00
        drc_bufs         0  (        0 /        0 )  0.00
        drc_fopt         0  (        0 /        0 )  0.00
        drc_bufb         0  (        0 /        0 )  0.00
      simple_buf         0  (        0 /        0 )  0.00
             dup         0  (        0 /        0 )  0.00
       crit_dnsz         0  (        0 /        0 )  0.00
       crit_upsz         0  (        0 /        0 )  0.00


           Trick     Calls     Accepts   Attempts    Time(secs) 
-----------------------------------------------------------
          plc_st         0  (        0 /        0 )  0.00
        plc_star         0  (        0 /        0 )  0.00
        drc_bufs         0  (        0 /        0 )  0.00
        drc_fopt         0  (        0 /        0 )  0.00
        drc_bufb         0  (        0 /        0 )  0.00
             dup         0  (        0 /        0 )  0.00
       crit_dnsz         0  (        0 /        0 )  0.00
       crit_upsz         0  (        0 /        0 )  0.00

 init_area                   896        0         0         0

           Trick     Calls     Accepts   Attempts    Time(secs) 
-----------------------------------------------------------
           undup         0  (        0 /        0 )  0.00
         rem_buf         0  (        0 /        0 )  0.00
         rem_inv         0  (        0 /        0 )  0.00
        merge_bi         0  (        0 /        0 )  0.00
      rem_inv_qb         0  (        0 /        0 )  0.00
        io_phase         0  (        0 /        0 )  0.00
       gate_comp        16  (        0 /        0 )  0.02
       gcomp_mog         4  (        0 /        0 )  0.01
       glob_area         9  (        0 /        9 )  0.00
       area_down         0  (        0 /        0 )  0.00
      size_n_buf         0  (        0 /        0 )  0.00
  gate_deco_area         0  (        0 /        0 )  0.00

==================================
Stage : incr_opt 
==================================
  =================
   Message Summary
  =================
--------------------------------------------------------------------------------
|   Id    |  Sev   |Count |                   Message Text                     |
--------------------------------------------------------------------------------
| CFM-1   |Info    |    1 |Wrote dofile.                                       |
| CFM-5   |Info    |    1 |Wrote formal verification information.              |
| CPI-506 |Warning |    1 |Command 'commit_power_intent' cannot proceed as     |
|         |        |      | there is no power intent loaded.                   |
| PA-7    |Info    |    4 |Resetting power analysis results.                   |
|         |        |      |All computed switching activities are removed.      |
| SYNTH-5 |Info    |    1 |Done mapping.                                       |
| SYNTH-7 |Info    |    1 |Incrementally optimizing.                           |
--------------------------------------------------------------------------------
Info    : Done incrementally optimizing. [SYNTH-8]
        : Done incrementally optimizing 'watermarking_system'.
      flow.cputime  flow.realtime  timing.setup.tns  timing.setup.wns  snapshot
UM:*                                                                   syn_opt
@file(mini1.tcl) 11: report_timing > watermarking_timing.rep
@file(mini1.tcl) 12: report_area > watermarking_area.rep
@file(mini1.tcl) 13: report_power > watermarking_pwr.rep
Info    : Joules engine is used. [RPT-16]
        : Joules engine is being used for the command report_power.
Info   : ACTP-0001 [ACTPInfo] Activity propagation started for stim#0 netlist
       : watermarking_system
Info   : ACTP-0009 [ACTPInfo] Activity Propagation Progress Report :   0%   1%   2%   3%   4%   5%   6%   7%   8%   9%  10%  11%  12%  13%  14%  15%  16%  17%  18%  19%  20%  21%  22%  23%  24%  25%  26%  27%  28%  29%  30%  31%  32%  33%  34%  35%  36%  37%  38%  39%  40%  41%  42%  43%  44%  45%  46%  47%  48%  49%  50%  51%  52%  53%  54%  55%  56%  57%  58%  59%  60%  61%  62%  63%  64%  65%  66%  67%  68%  69%  70%  71%  72%  73%  74%  75%  76%  77%  78%  79%  80%  81%  82%  83%  84%  85%  86%  87%  88%  89%  90%  91%  92%  93%  94%  95%  96%  97%  98%  99% 100%
Info   : ACTP-0001 Activity propagation ended for stim#0
Info   : PWRA-0001 [PwrInfo] compute_power effective options 
       : -mode : vectorless
       : -skip_propagation : 1
       : -frequency_scaling_factor : 1.0
       : -use_clock_freq : stim
       : -stim :/stim#0
       : -fromGenus : 1
Info   : ACTP-0001 Timing initialization started
Info   : ACTP-0001 Timing initialization ended
Info   : PWRA-0002 [PwrInfo] Skipping activity propagation due to -skip_ap
       : option....
Warning: PWRA-0302 [PwrWarn] Frequency scaling is not applicable for vectorless
       : flow. Ignoring frequency scaling.
Warning: PWRA-0304 [PwrWarn] -stim option is not applicable with vectorless mode
       : of power analysis, ignored this option.
Info   : PWRA-0002 Started 'vectorless' power computation.
Info   : PWRA-0009 [PwrInfo] Power Computation Progress Report :   0%   1%   2%   3%   4%   5%   6%   7%   8%   9%  10%  11%  12%  13%  14%  15%  16%  17%  18%  19%  20%  21%  22%  23%  24%  25%  26%  27%  28%  29%  30%  31%  32%  33%  34%  35%  36%  37%  38%  39%  40%  41%  42%  43%  44%  45%  46%  47%  48%  49%  50%  51%  52%  53%  54%  55%  56%  57%  58%  59%  60%  61%  62%  63%  64%  65%  66%  67%  68%  69%  70%  71%  72%  73%  74%  75%  76%  77%  78%  79%  80%  81%  82%  83%  84%  85%  86%  87%  88%  89%  90%  91%  92%  93%  94%  95%  96%  97%  98%  99% 100%
Info   : PWRA-0002 Finished power computation.
Info   : PWRA-0007 [PwrInfo] Completed successfully.
       : Info=6, Warn=2, Error=0, Fatal=0
Output file: watermarking_pwr.rep
@file(mini1.tcl) 14: write_hdl>watermarking_net.v

// Generated by Cadence Genus(TM) Synthesis Solution 21.14-s082_1
// Generated on: Mar 27 2026 17:33:34 IST (Mar 27 2026 12:03:34 UTC)

// Verification Directory fv/watermarking_system 

module watermarking_system(clk, rst, pixel_in, valid_in,
     watermarked_pixel_out, valid_out);
  input clk, rst, valid_in;
  input [7:0] pixel_in;
  output [7:0] watermarked_pixel_out;
  output valid_out;
  wire clk, rst, valid_in;
  wire [7:0] pixel_in;
  wire [7:0] watermarked_pixel_out;
  wire valid_out;
  wire [7:0] buffer_x2;
  wire [7:0] prev_pixel;
  wire n_0, n_1, n_2, n_3, n_4, n_5, n_6, n_7;
  wire n_8, n_9, n_10, n_11, n_12, n_13, n_14, n_15;
  wire n_16, n_17, n_18, n_19, n_20, n_21, n_22, n_23;
  wire n_24, n_25, n_26, n_27, n_28, n_29, n_30, n_31;
  wire n_32, n_33, n_34, n_35, n_36, n_37, n_38, n_39;
  wire n_40, n_41, n_42, n_43, n_44, n_45, n_46, n_47;
  wire n_48, n_49, n_50, n_51, n_52, n_53, n_54, n_55;
  wire n_56, n_57, n_58, n_59, n_60, n_61, n_62, n_63;
  wire n_64, n_65, n_66, n_67, n_68, n_69, n_70, n_71;
  wire n_72, n_73, n_74, n_75, n_76, n_77, n_78, n_79;
  wire n_80, n_81, n_82, n_83, n_84, n_85, n_86, n_87;
  wire n_88, n_89, n_90, n_91, n_92, n_93, n_94, n_95;
  wire n_96, n_97, n_98, n_99, n_100, n_101, n_102, n_103;
  wire n_104, pixel_pair_toggle;
  DFFQX1 \watermarked_pixel_out_reg[7] (.CK (clk), .D (n_103), .Q
       (watermarked_pixel_out[7]));
  DFFQX1 \buffer_x2_reg[7] (.CK (clk), .D (n_104), .Q (buffer_x2[7]));
  DFFQX1 \watermarked_pixel_out_reg[6] (.CK (clk), .D (n_98), .Q
       (watermarked_pixel_out[6]));
  DFFQX1 \watermarked_pixel_out_reg[5] (.CK (clk), .D (n_101), .Q
       (watermarked_pixel_out[5]));
  DFFQX1 \buffer_x2_reg[6] (.CK (clk), .D (n_97), .Q (buffer_x2[6]));
  OAI21XL g2337__2398(.A0 (n_96), .A1 (n_102), .B0 (n_47), .Y (n_104));
  OAI21XL g2338__5107(.A0 (n_102), .A1 (n_93), .B0 (n_79), .Y (n_103));
  DFFQX1 \watermarked_pixel_out_reg[0] (.CK (clk), .D (n_100), .Q
       (watermarked_pixel_out[0]));
  DFFQX1 \watermarked_pixel_out_reg[1] (.CK (clk), .D (n_99), .Q
       (watermarked_pixel_out[1]));
  DFFQX1 \watermarked_pixel_out_reg[4] (.CK (clk), .D (n_92), .Q
       (watermarked_pixel_out[4]));
  DFFQX1 \watermarked_pixel_out_reg[3] (.CK (clk), .D (n_95), .Q
       (watermarked_pixel_out[3]));
  DFFQX1 \watermarked_pixel_out_reg[2] (.CK (clk), .D (n_91), .Q
       (watermarked_pixel_out[2]));
  OAI21XL g2352__6260(.A0 (n_102), .A1 (n_54), .B0 (n_82), .Y (n_101));
  CLKINVX1 g2373(.A (n_94), .Y (n_100));
  DFFQX1 \buffer_x2_reg[5] (.CK (clk), .D (n_85), .Q (buffer_x2[5]));
  OAI21XL g2375__4319(.A0 (n_102), .A1 (prev_pixel[1]), .B0 (n_81), .Y
       (n_99));
  NAND2XL g2341__8428(.A (n_87), .B (n_80), .Y (n_98));
  OAI21XL g2342__5526(.A0 (n_78), .A1 (n_102), .B0 (n_41), .Y (n_97));
  AOI21XL g2343__6783(.A0 (pixel_in[7]), .A1 (n_76), .B0 (n_77), .Y
       (n_96));
  CLKINVX1 g2370(.A (n_90), .Y (n_95));
  AOI222XL g2374__3680(.A0 (n_88), .A1 (buffer_x2[0]), .B0
       (prev_pixel[0]), .B1 (n_89), .C0 (watermarked_pixel_out[0]), .C1
       (n_69), .Y (n_94));
  AOI21XL g2344__1617(.A0 (prev_pixel[7]), .A1 (n_86), .B0 (n_75), .Y
       (n_93));
  CLKINVX1 g2358(.A (n_84), .Y (n_92));
  CLKINVX1 g2384(.A (n_83), .Y (n_91));
  AOI222XL g2371__2802(.A0 (n_29), .A1 (n_89), .B0 (buffer_x2[3]), .B1
       (n_88), .C0 (n_62), .C1 (watermarked_pixel_out[3]), .Y (n_90));
  OAI211XL g2347__1705(.A0 (n_52), .A1 (prev_pixel[6]), .B0 (n_86), .C0
       (n_89), .Y (n_87));
  AO22XL g2350__5122(.A0 (n_89), .A1 (n_53), .B0 (buffer_x2[5]), .B1
       (n_73), .Y (n_85));
  AOI222XL g2359__8246(.A0 (n_40), .A1 (n_89), .B0 (buffer_x2[4]), .B1
       (n_88), .C0 (n_61), .C1 (watermarked_pixel_out[4]), .Y (n_84));
  DFFQX1 \buffer_x2_reg[4] (.CK (clk), .D (n_74), .Q (buffer_x2[4]));
  AOI222XL g2387__7098(.A0 (n_2), .A1 (n_89), .B0 (buffer_x2[2]), .B1
       (n_88), .C0 (n_65), .C1 (watermarked_pixel_out[2]), .Y (n_83));
  AOI22X1 g2386__6131(.A0 (watermarked_pixel_out[5]), .A1 (n_72), .B0
       (buffer_x2[5]), .B1 (n_88), .Y (n_82));
  AOI22X1 g2385__1881(.A0 (watermarked_pixel_out[1]), .A1 (n_59), .B0
       (buffer_x2[1]), .B1 (n_88), .Y (n_81));
  AOI22X1 g2388__5115(.A0 (watermarked_pixel_out[6]), .A1 (n_71), .B0
       (buffer_x2[6]), .B1 (n_88), .Y (n_80));
  AOI22X1 g2389__7482(.A0 (watermarked_pixel_out[7]), .A1 (n_58), .B0
       (buffer_x2[7]), .B1 (n_88), .Y (n_79));
  AOI21XL g2351__4733(.A0 (pixel_in[6]), .A1 (n_55), .B0 (n_56), .Y
       (n_78));
  DFFQX1 \buffer_x2_reg[1] (.CK (clk), .D (n_66), .Q (buffer_x2[1]));
  NOR2XL g2345__6161(.A (pixel_in[7]), .B (n_76), .Y (n_77));
  NOR2XL g2346__9315(.A (prev_pixel[7]), .B (n_86), .Y (n_75));
  DFFQX1 valid_out_reg(.CK (clk), .D (n_51), .Q (valid_out));
  DFFQX1 \buffer_x2_reg[3] (.CK (clk), .D (n_48), .Q (buffer_x2[3]));
  AO22XL g2360__9945(.A0 (n_89), .A1 (n_31), .B0 (buffer_x2[4]), .B1
       (n_73), .Y (n_74));
  DFFQX1 \buffer_x2_reg[0] (.CK (clk), .D (n_50), .Q (buffer_x2[0]));
  DFFQX1 \buffer_x2_reg[2] (.CK (clk), .D (n_49), .Q (buffer_x2[2]));
  OAI31X1 g2405__2883(.A0 (buffer_x2[2]), .A1 (n_64), .A2 (n_63), .B0
       (n_70), .Y (n_72));
  OAI31X1 g2396__2346(.A0 (buffer_x2[0]), .A1 (n_68), .A2 (n_67), .B0
       (n_70), .Y (n_71));
  OAI31XL g2395__1666(.A0 (n_68), .A1 (buffer_x2[6]), .A2 (n_67), .B0
       (n_70), .Y (n_69));
  DFFQX1 \prev_pixel_reg[0] (.CK (clk), .D (n_32), .Q (prev_pixel[0]));
  DFFQX1 \prev_pixel_reg[6] (.CK (clk), .D (n_34), .Q (prev_pixel[6]));
  DFFQX1 \prev_pixel_reg[2] (.CK (clk), .D (n_36), .Q (prev_pixel[2]));
  DFFQX1 \prev_pixel_reg[7] (.CK (clk), .D (n_37), .Q (prev_pixel[7]));
  DFFQX1 \prev_pixel_reg[1] (.CK (clk), .D (n_35), .Q (prev_pixel[1]));
  DFFQX1 \prev_pixel_reg[5] (.CK (clk), .D (n_39), .Q (prev_pixel[5]));
  DFFQX1 \prev_pixel_reg[4] (.CK (clk), .D (n_33), .Q (prev_pixel[4]));
  DFFQX1 \prev_pixel_reg[3] (.CK (clk), .D (n_38), .Q (prev_pixel[3]));
  OAI21XL g2411__7410(.A0 (n_102), .A1 (pixel_in[1]), .B0 (n_42), .Y
       (n_66));
  OAI31XL g2407__6417(.A0 (n_64), .A1 (buffer_x2[5]), .A2 (n_63), .B0
       (n_70), .Y (n_65));
  OAI31XL g2408__5477(.A0 (n_60), .A1 (buffer_x2[4]), .A2 (n_63), .B0
       (n_70), .Y (n_62));
  OAI31XL g2409__2398(.A0 (n_60), .A1 (buffer_x2[3]), .A2 (n_63), .B0
       (n_70), .Y (n_61));
  OAI31X1 g2410__5107(.A0 (buffer_x2[7]), .A1 (n_57), .A2 (n_67), .B0
       (n_70), .Y (n_59));
  OAI31X1 g2406__6260(.A0 (buffer_x2[1]), .A1 (n_57), .A2 (n_67), .B0
       (n_70), .Y (n_58));
  NOR2XL g2353__4319(.A (pixel_in[6]), .B (n_55), .Y (n_56));
  AOI21XL g2362__8428(.A0 (prev_pixel[5]), .A1 (n_45), .B0 (n_46), .Y
       (n_54));
  OAI21X1 g2361__5526(.A0 (pixel_in[5]), .A1 (n_43), .B0 (n_44), .Y
       (n_53));
  NAND2BX1 g2355__6783(.AN (n_55), .B (pixel_in[6]), .Y (n_76));
  NAND2XL g2356__3680(.A (prev_pixel[6]), .B (n_52), .Y (n_86));
  OAI21XL g2394__1617(.A0 (n_9), .A1 (n_22), .B0 (n_102), .Y (n_51));
  AO22XL g2414__2802(.A0 (buffer_x2[0]), .A1 (n_73), .B0 (pixel_in[0]),
       .B1 (n_89), .Y (n_50));
  AO22XL g2415__1705(.A0 (buffer_x2[2]), .A1 (n_73), .B0 (n_3), .B1
       (n_89), .Y (n_49));
  AO22XL g2379__5122(.A0 (n_89), .A1 (n_28), .B0 (buffer_x2[3]), .B1
       (n_73), .Y (n_48));
  NAND2XL g2419__8246(.A (buffer_x2[7]), .B (n_73), .Y (n_47));
  NOR2XL g2365__7098(.A (prev_pixel[5]), .B (n_45), .Y (n_46));
  NAND2XL g2363__6131(.A (pixel_in[5]), .B (n_43), .Y (n_44));
  NAND2XL g2418__1881(.A (buffer_x2[1]), .B (n_73), .Y (n_42));
  NAND2XL g2417__5115(.A (buffer_x2[6]), .B (n_73), .Y (n_41));
  OAI21XL g2377__7482(.A0 (prev_pixel[4]), .A1 (n_26), .B0 (n_27), .Y
       (n_40));
  NOR2BX1 g2366__4733(.AN (prev_pixel[5]), .B (n_45), .Y (n_52));
  NAND2BX1 g2367__6161(.AN (n_43), .B (pixel_in[5]), .Y (n_55));
  DFFQX1 pixel_pair_toggle_reg(.CK (clk), .D (n_30), .Q
       (pixel_pair_toggle));
  NOR2XL g2431__9315(.A (rst), .B (n_19), .Y (n_39));
  NOR2XL g2424__9945(.A (rst), .B (n_15), .Y (n_38));
  NOR2XL g2425__2883(.A (rst), .B (n_14), .Y (n_37));
  NOR2XL g2426__2346(.A (rst), .B (n_16), .Y (n_36));
  NOR2XL g2427__1666(.A (rst), .B (n_17), .Y (n_35));
  NOR2XL g2428__7410(.A (rst), .B (n_23), .Y (n_34));
  NOR2XL g2429__6417(.A (rst), .B (n_21), .Y (n_33));
  NOR2XL g2430__5477(.A (rst), .B (n_18), .Y (n_32));
  OAI21X1 g2378__2398(.A0 (pixel_in[4]), .A1 (n_24), .B0 (n_25), .Y
       (n_31));
  CLKINVX1 g2432(.A (n_73), .Y (n_70));
  OAI2BB1XL g2435__5107(.A0N (pixel_pair_toggle), .A1N (n_12), .B0
       (n_10), .Y (n_30));
  OAI21XL g2412__6260(.A0 (prev_pixel[3]), .A1 (n_7), .B0 (n_8), .Y
       (n_29));
  OAI21XL g2413__4319(.A0 (pixel_in[3]), .A1 (n_5), .B0 (n_6), .Y
       (n_28));
  NAND2XL g2380__8428(.A (prev_pixel[4]), .B (n_26), .Y (n_27));
  NAND2XL g2381__5526(.A (pixel_in[4]), .B (n_24), .Y (n_25));
  MXI2XL g2434__6783(.A (pixel_in[6]), .B (prev_pixel[6]), .S0 (n_20),
       .Y (n_23));
  NOR2XL g2433__3680(.A (n_13), .B (n_11), .Y (n_22));
  NAND2BX1 g2382__1617(.AN (n_24), .B (pixel_in[4]), .Y (n_43));
  NAND2BX1 g2383__2802(.AN (n_26), .B (prev_pixel[4]), .Y (n_45));
  MXI2XL g2444__1705(.A (pixel_in[4]), .B (prev_pixel[4]), .S0 (n_20),
       .Y (n_21));
  MXI2XL g2439__5122(.A (pixel_in[5]), .B (prev_pixel[5]), .S0 (n_20),
       .Y (n_19));
  MXI2XL g2440__8246(.A (pixel_in[0]), .B (prev_pixel[0]), .S0 (n_20),
       .Y (n_18));
  MXI2XL g2441__7098(.A (pixel_in[1]), .B (prev_pixel[1]), .S0 (n_20),
       .Y (n_17));
  MXI2XL g2442__6131(.A (pixel_in[2]), .B (prev_pixel[2]), .S0 (n_20),
       .Y (n_16));
  MXI2XL g2443__1881(.A (pixel_in[3]), .B (prev_pixel[3]), .S0 (n_20),
       .Y (n_15));
  MXI2XL g2445__5115(.A (pixel_in[7]), .B (prev_pixel[7]), .S0 (n_20),
       .Y (n_14));
  NAND2BX1 g2437__7482(.AN (n_13), .B (n_12), .Y (n_67));
  NAND2BX1 g2436__4733(.AN (n_11), .B (n_12), .Y (n_63));
  OAI21X1 g2438__6161(.A0 (valid_out), .A1 (n_1), .B0 (n_10), .Y
       (n_73));
  INVXL g2446(.A (n_88), .Y (n_9));
  CLKINVX1 g2450(.A (n_102), .Y (n_89));
  NAND2XL g2416__9315(.A (prev_pixel[3]), .B (n_7), .Y (n_8));
  NAND2XL g2420__9945(.A (pixel_in[3]), .B (n_5), .Y (n_6));
  NAND2BX1 g2421__2883(.AN (n_7), .B (prev_pixel[3]), .Y (n_26));
  NAND2BX1 g2422__2346(.AN (n_5), .B (pixel_in[3]), .Y (n_24));
  NAND2XL g2453__1666(.A (n_4), .B (n_0), .Y (n_10));
  OR2XL g2447__7410(.A (n_64), .B (n_60), .Y (n_13));
  OR2XL g2448__6417(.A (n_57), .B (n_68), .Y (n_11));
  NAND3X1 g2454__5477(.A (pixel_pair_toggle), .B (valid_in), .C (n_4),
       .Y (n_102));
  AND2X1 g2449__2398(.A (valid_out), .B (n_12), .Y (n_88));
  XOR2XL g2451__5107(.A (pixel_in[1]), .B (pixel_in[2]), .Y (n_3));
  XOR2XL g2452__6260(.A (prev_pixel[1]), .B (prev_pixel[2]), .Y (n_2));
  CLKINVX1 g2455(.A (n_12), .Y (n_1));
  CLKINVX1 g2460(.A (n_0), .Y (n_20));
  NOR2BX1 g2464__4319(.AN (valid_in), .B (pixel_pair_toggle), .Y (n_0));
  OR2X1 g2462__8428(.A (buffer_x2[1]), .B (buffer_x2[7]), .Y (n_68));
  OR2X1 g2458__5526(.A (buffer_x2[0]), .B (buffer_x2[6]), .Y (n_57));
  NAND2XL g2463__6783(.A (prev_pixel[1]), .B (prev_pixel[2]), .Y (n_7));
  OR2X1 g2456__3680(.A (buffer_x2[3]), .B (buffer_x2[4]), .Y (n_64));
  OR2X1 g2457__1617(.A (buffer_x2[2]), .B (buffer_x2[5]), .Y (n_60));
  NAND2XL g2461__2802(.A (pixel_in[1]), .B (pixel_in[2]), .Y (n_5));
  NOR2XL g2459__1705(.A (valid_in), .B (rst), .Y (n_12));
  CLKINVX1 g2465(.A (rst), .Y (n_4));
endmodule

@file(mini1.tcl) 15: write_sdc > watermarking.sdc
Finished SDC export (command execution time mm:ss (real) = 00:00).
@file(mini1.tcl) 16: gui_show
#@ End verbose source ./mini1.tcl

Lic Summary:
[17:36:28.380394] Cdslmd servers: cadenceserver
[17:36:28.380403] Feature usage summary:
[17:36:28.380403] Genus_Synthesis

Normal exit.