###############################################################
#  Generated by:      Cadence Innovus 21.15-s110_1
#  OS:                Linux x86_64(Host ID encmitcad18)
#  Generated on:      Fri Mar 27 17:54:38 2026
#  Design:            watermarking_system
#  Command:           checkDesign -io -netlist -physicalLibrary -powerGround -tieHilo -timingLibrary -spef -floorplan -place -outdir checkDesign
###############################################################
Design: watermarking_system

------ Design Summary:
Total Standard Cell Number   (cells) : 131
Total Block Cell Number      (cells) : 0
Total I/O Pad Cell Number    (cells) : 0
Total Standard Cell Area     ( um^2) : 896.17
Total Block Cell Area        ( um^2) : 0.00
Total I/O Pad Cell Area      ( um^2) : 0.00

------ Design Statistics:

Number of Instances            : 131
Number of Non-uniquified Insts : 126
Number of Nets                 : 144
Average number of Pins per Net : 3.35
Maximum number of Pins in Net  : 27

------ I/O Port summary

Number of Primary I/O Ports    : 20
Number of Input Ports          : 11
Number of Output Ports         : 9
Number of Bidirectional Ports  : 0
Number of Power/Ground Ports   : 0



------------------------------------------------------------
Detail report:


------ I/O Pad/Port Checking


------ Primitive Pins DRC Checking


------ Primitive Net DRC Check


